Importer Log Report
Project : SparkFun_Motor_Driver-TB6612FNG_v11c.PrjPCB

Section : Analyze Document - G:\#IIT\Spherical Robot\Datasheets\Motor driver TB66FNG-Robu\eagle_files for TB6612FNG\SparkFun_Motor_Driver-TB6612FNG_v11c.sch
    Analyzing data of G:\#IIT\Spherical Robot\Datasheets\Motor driver TB66FNG-Robu\eagle_files for TB6612FNG\SparkFun_Motor_Driver-TB6612FNG_v11c.sch
    Load settings
    Load layers 145
    Load schematic
    Load Libraries 6
    Load Library "SparkFun"
    Load Packages 0
    Load Symbols 1
    Load DeviceSets 1
    Load Library "Testing"
    Load Packages 9
    Load Symbols 1
    Load DeviceSets 1
    Load Library "SparkFun-Aesthetics"
    Load Packages 38
    Load Symbols 6
    Load DeviceSets 5
    Load Library "SparkFun-IC-Special-Function"
    Load Packages 1
    Load Symbols 1
    Load DeviceSets 1
    Load Library "SparkFun-Capacitors"
    Load Packages 9
    Load Symbols 2
    Load DeviceSets 2
    Load Library "SparkFun-PowerSymbols"
    Load Packages 0
    Load Symbols 1
    Load DeviceSets 1
    Load Attributes 0
    Load Classes 8
    Load Parts 24
    Load Sheets 1
EndSection
